[33mERROR[39m: Bad auth from register!
[33mERROR[39m: Bad auth from register!
[33mERROR[39m: POST / 401 - 21:16:06 - Bad auth from policies!
[33mERROR[39m: Invalid credentials
[33mERROR[39m: GET /online 401 - 21:17:40 - Bad auth from policies!
[33mERROR[39m: GET /online 401 - 21:17:41 - Bad auth from policies!
[33mERROR[39m: Invalid credentials
[33mERROR[39m: Invalid credentials
[33mERROR[39m: GET /online 401 - 21:59:45 - Bad auth from policies!
[33mERROR[39m: GET /online 401 - 21:59:47 - Bad auth from policies!
[33mERROR[39m: GET /online 401 - 21:59:47 - Bad auth from policies!
[33mERROR[39m: GET /online 401 - 22:00:19 - Bad auth from policies!
[33mERROR[39m: POST / 403 - 22:00:55 - Forbidden from policies!
[33mERROR[39m: POST / 403 - 22:01:18 - Forbidden from policies!
[33mERROR[39m: POST /signout 401 - 22:01:38 - Bad auth from policies!
[33mERROR[39m: Cannot destructure property 'role' of 'req.sessions' as it is undefined.
[33mERROR[39m: Cannot destructure property 'role' of 'req.sessions' as it is undefined.
[33mERROR[39m: POST / 400 - 22:07:07 - jwt expired
[33mERROR[39m: Forbidden
[33mERROR[39m: Forbidden
[33mERROR[39m: GET /online 401 - 20:19:51 - Bad auth from policies!
[33mERROR[39m: GET /online 401 - 21:34:21 - Bad auth from policies!
[33mERROR[39m: GET /online 401 - 21:34:29 - Bad auth from policies!
[33mERROR[39m: GET /online 401 - 21:34:35 - Bad auth from policies!
[33mERROR[39m: GET /online 401 - 21:34:41 - Bad auth from policies!
[33mERROR[39m: POST / 401 - 22:47:55 - Bad auth from policies!
[33mERROR[39m: POST / 401 - 22:48:10 - Bad auth from policies!
[33mERROR[39m: Cast to ObjectId failed for value ":pid" (type string) at path "_id" for model "products"
[33mERROR[39m: Not found!
[33mERROR[39m: PUT /664533651cbd7fd9bcafce04 401 - 21:15:40 - Bad auth from policies!
[33mERROR[39m: Bad auth from register!
[33mERROR[39m: Bad auth from register!
[33mERROR[39m: Bad auth from register!
[33mERROR[39m: Bad auth from register!
[33mERROR[39m: Bad auth from register!
[33mERROR[39m: Bad auth from register!
[33mERROR[39m: Bad auth from register!
[33mERROR[39m: Bad auth from register!
[33mERROR[39m: Bad auth from register!
[33mERROR[39m: Bad auth from register!
[33mERROR[39m: POST / 401 - 01:08:00 - Bad auth from policies!
[33mERROR[39m: Forbidden
[33mERROR[39m: Bad auth from register!
[33mERROR[39m: Forbidden
[33mERROR[39m: Bad auth from register!
[33mERROR[39m: Forbidden
[33mERROR[39m: Forbidden
[33mERROR[39m: Bad auth from register!
[33mERROR[39m: Forbidden
[33mERROR[39m: Cast to ObjectId failed for value "undefined" (type string) at path "_id" for model "products"
[33mERROR[39m: Bad auth from register!
[33mERROR[39m: Forbidden
[33mERROR[39m: Cast to ObjectId failed for value "undefined" (type string) at path "_id" for model "products"
[33mERROR[39m: Bad auth from register!
[33mERROR[39m: Forbidden
[33mERROR[39m: Cast to ObjectId failed for value "undefined" (type string) at path "_id" for model "products"
[33mERROR[39m: DELETE /66c3e8d564a539aa3d70cd79 401 - 01:21:58 - Bad auth from policies!
[33mERROR[39m: Bad auth from register!
[33mERROR[39m: Forbidden
[33mERROR[39m: Cast to ObjectId failed for value "undefined" (type string) at path "_id" for model "products"
[33mERROR[39m: DELETE /66c3e8d564a539aa3d70cd79 401 - 01:22:30 - Bad auth from policies!
[33mERROR[39m: GET /real 401 - 13:01:17 - Bad auth from policies!
[33mERROR[39m: GET /online 401 - 13:01:59 - Bad auth from policies!
[33mERROR[39m: GET /online 401 - 13:02:50 - Bad auth from policies!
[33mERROR[39m: Invalid credentials
[33mERROR[39m: Invalid credentials
[33mERROR[39m: Invalid credentials
[33mERROR[39m: GET /online 401 - 13:09:08 - Bad auth from policies!
[33mERROR[39m: GET /real 401 - 13:09:10 - Bad auth from policies!
[33mERROR[39m: GET /real 403 - 13:09:29 - Forbidden from policies!
[33mERROR[39m: GET /real 403 - 13:09:30 - Forbidden from policies!
[33mERROR[39m: GET /online 401 - 13:10:51 - Bad auth from policies!
[33mERROR[39m: GET /real 400 - 13:26:15 - jwt expired
[33mERROR[39m: POST /signout 400 - 13:26:23 - jwt expired
[33mERROR[39m: GET /online 400 - 13:26:25 - jwt expired
[33mERROR[39m: Forbidden
[33mERROR[39m: Forbidden
[33mERROR[39m: GET /online 400 - 13:32:05 - jwt expired
[33mERROR[39m: GET /online 400 - 13:32:09 - jwt expired
[33mERROR[39m: GET /online 400 - 13:34:12 - jwt expired
[33mERROR[39m: GET /online 400 - 13:34:16 - jwt expired
[33mERROR[39m: GET /online 400 - 13:34:17 - jwt expired
[33mERROR[39m: GET /online 400 - 13:34:19 - jwt expired
[33mERROR[39m: GET /online 400 - 13:34:37 - jwt expired
[33mERROR[39m: GET /online 400 - 13:34:41 - jwt expired
[33mERROR[39m: GET /real 400 - 13:34:47 - jwt expired
[33mERROR[39m: GET /online 400 - 13:58:07 - jwt expired
[33mERROR[39m: GET /online 400 - 13:58:08 - jwt expired
[33mERROR[39m: GET /real 400 - 14:04:13 - jwt expired
[33mERROR[39m: POST /signout 400 - 14:04:18 - jwt expired
[33mERROR[39m: GET /online 400 - 14:04:19 - jwt expired
[33mERROR[39m: POST / 400 - 14:09:59 - jwt expired
[33mERROR[39m: GET /online 400 - 14:10:05 - jwt expired
[33mERROR[39m: GET /online 400 - 14:10:07 - jwt expired
[33mERROR[39m: GET /online 400 - 14:21:06 - jwt expired
[33mERROR[39m: GET /online 400 - 14:21:14 - jwt expired
[33mERROR[39m: GET /online 400 - 14:21:17 - jwt expired
[33mERROR[39m: Bad auth from login!
[33mERROR[39m: GET /online 401 - 14:24:27 - Bad auth from policies!
[33mERROR[39m: GET /online 401 - 14:25:44 - Bad auth from policies!
[33mERROR[39m: GET /online 400 - 14:31:55 - jwt expired
[33mERROR[39m: GET /online 400 - 14:31:56 - jwt expired
[33mERROR[39m: GET /online 401 - 14:34:37 - Bad auth from policies!
[33mERROR[39m: GET /online 400 - 14:40:30 - jwt expired
[33mERROR[39m: GET /online 400 - 14:40:32 - jwt expired
[33mERROR[39m: GET /online 400 - 14:46:52 - jwt expired
[33mERROR[39m: GET /online 400 - 14:46:54 - jwt expired
[33mERROR[39m: GET /online 401 - 14:51:20 - Bad auth from policies!
[33mERROR[39m: Cast to ObjectId failed for value "undefined" (type string) at path "_id" for model "products"
[33mERROR[39m: Cast to ObjectId failed for value "undefined" (type string) at path "_id" for model "products"
[33mERROR[39m: Cast to ObjectId failed for value "undefined" (type string) at path "_id" for model "products"
[33mERROR[39m: Bad auth from register!
[33mERROR[39m: Cast to ObjectId failed for value "undefined" (type string) at path "_id" for model "products"
[33mERROR[39m: Bad auth from register!
[33mERROR[39m: Cast to ObjectId failed for value "undefined" (type string) at path "_id" for model "products"
[33mERROR[39m: Bad auth from register!
[33mERROR[39m: Bad auth from register!
[33mERROR[39m: Bad auth from register!
[33mERROR[39m: Bad auth from register!
[33mERROR[39m: Bad auth from register!
[33mERROR[39m: Cast to ObjectId failed for value "undefined" (type string) at path "_id" for model "products"
[33mERROR[39m: Bad auth from register!
[33mERROR[39m: Bad auth from register!
[33mERROR[39m: Bad auth from register!
[33mERROR[39m: Invalid credentials
[33mERROR[39m: Invalid credentials
[33mERROR[39m: Cast to ObjectId failed for value "undefined" (type string) at path "_id" for model "products"
[33mERROR[39m: GET /online 401 - 16:15:23 - Bad auth from policies!
[33mERROR[39m: La contraseña debe ser alfanumérica con minúsculas y MAYÚSCULAS.
[33mERROR[39m: "user_id" is required
[33mERROR[39m: Bad auth from register!
[33mERROR[39m: Invalid credentials
[33mERROR[39m: POST / 401 - 14.47.30 - Bad auth from policies!
[33mERROR[39m: POST /signout 401 - 14.47.30 - Bad auth from policies!
[33mERROR[39m: "user_id" is required
[33mERROR[39m: Invalid credentials
[33mERROR[39m: Invalid credentials
[33mERROR[39m: Invalid credentials
[33mERROR[39m: Invalid credentials
[33mERROR[39m: GET /online 401 - 23.47.48 - Bad auth from policies!
[33mERROR[39m: Invalid credentials
[33mERROR[39m: GET /online 401 - 23.48.58 - Bad auth from policies!
[33mERROR[39m: Invalid credentials
[33mERROR[39m: Bad auth from login!
[33mERROR[39m: Invalid credentials
[33mERROR[39m: Invalid credentials
[33mERROR[39m: GET /online 401 - 13.28.08 - Bad auth from policies!
[33mERROR[39m: GET /online 401 - 13.28.19 - Bad auth from policies!
[33mERROR[39m: "age" is not allowed
[33mERROR[39m: "age" is not allowed
[33mERROR[39m: "age" is not allowed
[33mERROR[39m: GET /online 401 - 13.29.22 - Bad auth from policies!
[33mERROR[39m: Invalid credentials
[33mERROR[39m: GET /online 401 - 13.29.58 - Bad auth from policies!
[33mERROR[39m: "age" is not allowed
[33mERROR[39m: La edad debe ser un número.
[33mERROR[39m: Bad auth from register!
[33mERROR[39m: Bad auth from register!
[33mERROR[39m: Bad auth from register!
[33mERROR[39m: GET /online 401 - 13.40.22 - Bad auth from policies!
[33mERROR[39m: GET /online 401 - 13.41.04 - Bad auth from policies!
[33mERROR[39m: Invalid credentials
[33mERROR[39m: Invalid credentials
[33mERROR[39m: Invalid credentials
[33mERROR[39m: POST / 401 - 13.57.07 - Bad auth from policies!
[33mERROR[39m: POST / 401 - 13.58.21 - Bad auth from policies!
[33mERROR[39m: Invalid credentials
[33mERROR[39m: Bad auth from register!
[33mERROR[39m: Bad auth from register!
[33mERROR[39m: Invalid credentials
[33mERROR[39m: Invalid credentials
[33mERROR[39m: Invalid credentials
[33mERROR[39m: Failed to lookup view "purchases" in views directory "C:\Users\Sofi\Desktop\proyecto-sofiaviotti\codeserver/src/views"
[33mERROR[39m: GET /online 400 - 22.51.42 - jwt expired
[33mERROR[39m: Invalid credentials
[33mERROR[39m: GET /online 400 - 10.22.18 - jwt expired
[33mERROR[39m: GET /online 400 - 10.34.58 - jwt expired
[33mERROR[39m: GET /online 400 - 11.08.47 - jwt expired
[33mERROR[39m: GET /online 400 - 11.09.53 - jwt expired
[33mERROR[39m: Invalid credentials
[33mERROR[39m: GET /online 400 - 11.20.56 - jwt expired
[33mERROR[39m: GET /online 400 - 11.21.47 - jwt expired
[33mERROR[39m: GET / 400 - 11.21.56 - jwt expired
[33mERROR[39m: GET / 400 - 11.22.14 - jwt expired
[33mERROR[39m: GET /online 400 - 11.22.23 - jwt expired
[33mERROR[39m: GET /online 400 - 11.22.27 - jwt expired
[33mERROR[39m: GET /online 400 - 11.58.26 - jwt expired
[33mERROR[39m: GET /online 400 - 11.58.31 - jwt expired
[33mERROR[39m: Missing helper: "formatPrice"
[33mERROR[39m: GET / 400 - 17.15.22 - jwt expired
[33mERROR[39m: GET /online 400 - 17.15.34 - jwt expired
[33mERROR[39m: GET /online 400 - 17.15.37 - jwt expired
[33mERROR[39m: Missing helper: "formatPrice"
[33mERROR[39m: GET /online 400 - 17.45.08 - jwt expired
[33mERROR[39m: GET / 400 - 17.45.14 - jwt expired
[33mERROR[39m: GET /online 400 - 17.45.22 - jwt expired
[33mERROR[39m: GET /online 400 - 17.45.27 - jwt expired
[33mERROR[39m: POST / 400 - 17.45.29 - jwt expired
[33mERROR[39m: GET /online 400 - 17.45.32 - jwt expired
[33mERROR[39m: Lexical error on line 49. Unrecognized text.
...>  {{/if}}  {{!-{{!-- <!-- Botón de 
---------------------^
[33mERROR[39m: GET / 400 - 17.52.27 - jwt expired
[33mERROR[39m: GET / 400 - 17.52.29 - jwt expired
[33mERROR[39m: GET /online 400 - 17.52.33 - jwt expired
[33mERROR[39m: GET / 400 - 18.01.04 - jwt expired
[33mERROR[39m: GET /online 400 - 18.01.09 - jwt expired
[33mERROR[39m: GET / 400 - 18.15.33 - jwt expired
[33mERROR[39m: GET /online 400 - 18.15.39 - jwt expired
[33mERROR[39m: GET /online 400 - 18.22.12 - jwt expired
[33mERROR[39m: GET /online 400 - 18.22.15 - jwt expired
[33mERROR[39m: GET /online 400 - 18.29.51 - jwt expired
[33mERROR[39m: GET /online 400 - 18.29.53 - jwt expired
[33mERROR[39m: GET /online 400 - 21.08.03 - jwt expired
[33mERROR[39m: GET /online 400 - 21.23.32 - jwt expired
[33mERROR[39m: GET /online 400 - 21.23.34 - jwt expired
[33mERROR[39m: Invalid credentials
[33mERROR[39m: GET /thankyou 400 - 21.47.12 - jwt expired
[33mERROR[39m: GET /online 400 - 21.53.53 - jwt expired
[33mERROR[39m: GET /online 400 - 21.53.55 - jwt expired
[33mERROR[39m: GET /thankyou 400 - 22.03.56 - jwt expired
[33mERROR[39m: GET /online 400 - 22.04.04 - jwt expired
[33mERROR[39m: GET /online 400 - 22.04.07 - jwt expired
[33mERROR[39m: GET /online 400 - 14.15.59 - jwt expired
[33mERROR[39m: GET /online 400 - 14.16.02 - jwt expired
[33mERROR[39m: GET /online 400 - 14.16.09 - jwt expired
[33mERROR[39m: GET /online 400 - 14.16.15 - jwt expired
[33mERROR[39m: GET /online 400 - 14.18.44 - jwt expired
[33mERROR[39m: GET /online 400 - 14.18.46 - jwt expired
[33mERROR[39m: GET /online 400 - 14.19.57 - jwt expired
[33mERROR[39m: GET /online 400 - 14.20.21 - jwt expired
[33mERROR[39m: GET /online 400 - 14.22.14 - jwt expired
[33mERROR[39m: GET /online 400 - 14.25.36 - jwt expired
[33mERROR[39m: Bad auth from register!
[33mERROR[39m: Bad auth from register!
[33mERROR[39m: GET /online 400 - 14.34.59 - jwt expired
[33mERROR[39m: GET /online 401 - 14.35.42 - Bad auth from policies!
[33mERROR[39m: GET /online 401 - 14.37.07 - Bad auth from policies!
[33mERROR[39m: GET /online 401 - 14.41.45 - Bad auth from policies!
[33mERROR[39m: GET /online 401 - 14.41.49 - Bad auth from policies!
[33mERROR[39m: GET /online 401 - 14.42.26 - Bad auth from policies!
[33mERROR[39m: POST /signout 400 - 14.55.08 - jwt expired
[33mERROR[39m: GET /online 400 - 14.55.11 - jwt expired
[33mERROR[39m: GET /online 400 - 14.55.13 - jwt expired
[33mERROR[39m: Bad auth from register!
[33mERROR[39m: GET /online 400 - 14.55.46 - jwt expired
[33mERROR[39m: Cast to ObjectId failed for value "" (type string) at path "_id" for model "users"
[33mERROR[39m: GET /online 400 - 14.56.05 - jwt expired
[33mERROR[39m: GET /online 400 - 14.56.07 - jwt expired
[33mERROR[39m: GET /online 400 - 14.56.09 - jwt expired
[33mERROR[39m: GET /online 400 - 14.59.15 - jwt expired
[33mERROR[39m: POST / 400 - 14.59.17 - jwt expired
[33mERROR[39m: GET /online 400 - 14.59.22 - jwt expired
[33mERROR[39m: GET / 400 - 15.05.44 - jwt expired
[33mERROR[39m: POST /signout 400 - 15.06.03 - jwt expired
[33mERROR[39m: GET /online 400 - 15.06.05 - jwt expired
[33mERROR[39m: GET /online 400 - 15.06.07 - jwt expired
[33mERROR[39m: GET /online 400 - 15.11.40 - jwt expired
[33mERROR[39m: GET /online 400 - 15.12.05 - jwt expired
[33mERROR[39m: GET /online 400 - 15.12.17 - jwt expired
[33mERROR[39m: GET /online 400 - 15.12.33 - jwt expired
[33mERROR[39m: GET /online 400 - 15.12.46 - jwt expired
[33mERROR[39m: GET /online 400 - 15.12.54 - jwt expired
[33mERROR[39m: GET /online 400 - 15.13.07 - jwt expired
[33mERROR[39m: GET /online 400 - 15.16.23 - jwt expired
[33mERROR[39m: POST / 400 - 15.16.42 - jwt expired
[33mERROR[39m: GET /online 400 - 15.16.48 - jwt expired
[33mERROR[39m: GET /online 400 - 15.16.53 - jwt expired
[33mERROR[39m: POST / 400 - 15.17.07 - jwt expired
[33mERROR[39m: GET /online 400 - 15.17.12 - jwt expired
[33mERROR[39m: GET /online 400 - 15.19.15 - jwt expired
[33mERROR[39m: GET /online 400 - 15.19.44 - jwt expired
[33mERROR[39m: GET /online 400 - 15.19.50 - jwt expired
[33mERROR[39m: GET /online 400 - 15.22.09 - jwt expired
[33mERROR[39m: GET /online 400 - 15.22.15 - jwt expired
[33mERROR[39m: GET /online 400 - 15.22.18 - jwt expired
[33mERROR[39m: GET /online 400 - 15.24.56 - jwt expired
[33mERROR[39m: GET /online 400 - 15.30.41 - jwt expired
[33mERROR[39m: GET /online 400 - 15.30.47 - jwt expired
[33mERROR[39m: GET /online 400 - 15.30.49 - jwt expired
[33mERROR[39m: GET /online 400 - 15.32.40 - jwt expired
[33mERROR[39m: El email no puede ser una cadena de texto vacía.,La contraseña no puede ser una cadena de texto vacía.,La edad debe ser un número.
[33mERROR[39m: GET / 400 - 15.39.50 - jwt expired
[33mERROR[39m: GET / 400 - 15.39.54 - jwt expired
[33mERROR[39m: GET /online 400 - 15.40.04 - jwt expired
[33mERROR[39m: GET /online 400 - 15.40.06 - jwt expired
[33mERROR[39m: GET /online 400 - 15.40.12 - jwt expired
[33mERROR[39m: GET /online 400 - 15.45.34 - jwt expired
[33mERROR[39m: GET /online 400 - 15.45.37 - jwt expired
[33mERROR[39m: GET /online 400 - 15.45.41 - jwt expired
[33mERROR[39m: GET /online 400 - 15.45.42 - jwt expired
[33mERROR[39m: GET /online 400 - 15.51.04 - jwt expired
[33mERROR[39m: GET /online 400 - 15.51.08 - jwt expired
[33mERROR[39m: GET /online 400 - 15.51.11 - jwt expired
[33mERROR[39m: GET /online 400 - 15.51.43 - jwt expired
[33mERROR[39m: GET /online 400 - 15.51.47 - jwt expired
[33mERROR[39m: GET /online 400 - 15.51.49 - jwt expired
[33mERROR[39m: GET /online 400 - 15.52.56 - jwt expired
[33mERROR[39m: GET /online 400 - 15.53.40 - jwt expired
[33mERROR[39m: GET /online 400 - 15.53.48 - jwt expired
[33mERROR[39m: GET /online 400 - 15.53.56 - jwt expired
[33mERROR[39m: GET /online 400 - 15.57.07 - jwt expired
[33mERROR[39m: GET / 400 - 15.58.15 - jwt expired
[33mERROR[39m: GET / 400 - 10.08.27 - jwt expired
[33mERROR[39m: GET /online 400 - 10.08.50 - jwt expired
[33mERROR[39m: GET /online 400 - 10.09.13 - jwt expired
[33mERROR[39m: GET /online 400 - 10.09.20 - jwt expired
[33mERROR[39m: GET /online 400 - 10.09.24 - jwt expired
[33mERROR[39m: GET /online 400 - 10.11.12 - jwt expired
[33mERROR[39m: GET /online 400 - 10.20.33 - jwt expired
[33mERROR[39m: GET /online 400 - 10.21.27 - jwt expired
[33mERROR[39m: GET /online 400 - 10.22.55 - jwt expired
[33mERROR[39m: GET /online 400 - 10.26.11 - jwt expired
[33mERROR[39m: GET /online 400 - 10.26.16 - jwt expired
[33mERROR[39m: GET /online 400 - 10.29.11 - jwt expired
[33mERROR[39m: GET /online 400 - 10.31.53 - jwt expired
[33mERROR[39m: GET /online 400 - 10.32.45 - jwt expired
[33mERROR[39m: GET /online 400 - 10.32.57 - jwt expired
[33mERROR[39m: GET /online 400 - 10.35.56 - jwt expired
[33mERROR[39m: GET /online 400 - 10.35.59 - jwt expired
[33mERROR[39m: GET /online 400 - 10.38.45 - jwt expired
[33mERROR[39m: GET /online 400 - 10.40.24 - jwt expired
[33mERROR[39m: GET /online 400 - 10.40.51 - jwt expired
[33mERROR[39m: GET /online 400 - 10.41.09 - jwt expired
[33mERROR[39m: GET /online 400 - 10.42.30 - jwt expired
[33mERROR[39m: GET /online 400 - 10.42.32 - jwt expired
[33mERROR[39m: GET /online 400 - 10.43.09 - jwt expired
[33mERROR[39m: GET /online 400 - 10.43.51 - jwt expired
[33mERROR[39m: GET /online 400 - 10.44.16 - jwt expired
[33mERROR[39m: GET /online 400 - 10.44.42 - jwt expired
[33mERROR[39m: GET /online 400 - 10.44.49 - jwt expired
[33mERROR[39m: GET /online 400 - 10.45.12 - jwt expired
[33mERROR[39m: GET /online 400 - 10.47.34 - jwt expired
[33mERROR[39m: GET /online 400 - 10.47.41 - jwt expired
[33mERROR[39m: GET /online 400 - 10.59.13 - jwt expired
[33mERROR[39m: GET /online 400 - 11.00.56 - jwt expired
[33mERROR[39m: GET /online 400 - 11.01.44 - jwt expired
[33mERROR[39m: GET /online 400 - 11.05.40 - jwt expired
